2024-10-17T17:37:41.158Z [Hotel Management System] info: Server is running on port 8000
2024-10-17T17:39:46.683Z [Hotel Management System] error: Error: WHERE parameter "username" has invalid "undefined" value
    at PostgresQueryGenerator.whereItemQuery (C:\Users\User\Downloads\hotel-management\Hotel-Management-System\backend\node_modules\sequelize\lib\dialects\abstract\query-generator.js:1743:13)
    at C:\Users\User\Downloads\hotel-management\Hotel-Management-System\backend\node_modules\sequelize\lib\dialects\abstract\query-generator.js:1734:25
    at Array.forEach (<anonymous>)
    at PostgresQueryGenerator.whereItemsQuery (C:\Users\User\Downloads\hotel-management\Hotel-Management-System\backend\node_modules\sequelize\lib\dialects\abstract\query-generator.js:1732:35)
    at C:\Users\User\Downloads\hotel-management\Hotel-Management-System\backend\node_modules\sequelize\lib\dialects\abstract\query-generator.js:1840:30
    at Array.map (<anonymous>)
    at PostgresQueryGenerator._whereGroupBind (C:\Users\User\Downloads\hotel-management\Hotel-Management-System\backend\node_modules\sequelize\lib\dialects\abstract\query-generator.js:1839:21)
    at PostgresQueryGenerator.whereItemQuery (C:\Users\User\Downloads\hotel-management\Hotel-Management-System\backend\node_modules\sequelize\lib\dialects\abstract\query-generator.js:1790:19)
    at C:\Users\User\Downloads\hotel-management\Hotel-Management-System\backend\node_modules\sequelize\lib\dialects\abstract\query-generator.js:1734:25
    at Array.forEach (<anonymous>)
2024-10-17T17:41:12.544Z [Hotel Management System] info: Server is running on port 8000
2024-10-17T17:42:05.479Z [Hotel Management System] info: Server is running on port 8000
2024-10-17T17:42:09.063Z [Hotel Management System] info: Server is running on port 8000
2024-10-17T17:48:13.519Z [Hotel Management System] info: Server is running on port 8000
2024-10-17T17:49:27.377Z [Hotel Management System] info: User logged in successfully!
2024-10-17T17:51:50.772Z [Hotel Management System] info: Server is running on port 8000
2024-10-17T17:52:49.112Z [Hotel Management System] info: Server is running on port 8000
2024-10-17T17:53:34.366Z [Hotel Management System] info: Server is running on port 8000
2024-10-17T17:54:10.012Z [Hotel Management System] info: Server is running on port 8000
2024-10-17T17:55:06.974Z [Hotel Management System] info: Server is running on port 8000
2024-10-17T17:57:19.629Z [Hotel Management System] info: Server is running on port 8000
2024-10-17T17:59:25.299Z [Hotel Management System] info: Server is running on port 8000
2024-10-17T18:01:02.933Z [Hotel Management System] info: Server is running on port 8000
2024-10-17T18:02:01.904Z [Hotel Management System] info: Server is running on port 8000
2024-10-17T18:03:12.615Z [Hotel Management System] info: Server is running on port 8000
2024-10-17T18:03:50.191Z [Hotel Management System] info: Server is running on port 8000
2024-10-18T11:04:26.378Z [Hotel Management System] info: Server is running on port 8000
2024-10-18T17:14:14.554Z [Hotel Management System] info: Server is running on port 8000
2024-10-18T17:46:22.194Z [Hotel Management System] info: User logged in successfully: ${user.username} (${user.email})
2024-10-18T17:46:32.430Z [Hotel Management System] info: Users fetched successfully
2024-10-18T17:49:40.662Z [Hotel Management System] info: User created successfully: ${newUser.username} (${newUser.email})
2024-10-18T17:49:40.666Z [Hotel Management System] info: Users fetched successfully
2024-10-18T18:12:33.151Z [Hotel Management System] info: User created successfully: ${newUser.username} (${newUser.email})
2024-10-18T18:12:33.154Z [Hotel Management System] info: Users fetched successfully
2024-10-18T19:28:03.737Z [Hotel Management System] info: User logged in successfully: ${user.username} (${user.email})
2024-10-18T19:28:18.867Z [Hotel Management System] info: Hotel created successfully: ${newHotel.id}
2024-10-18T19:31:50.182Z [Hotel Management System] info: User logged in successfully: ${user.username} (${user.email})
2024-10-18T19:31:50.262Z [Hotel Management System] info: Users fetched successfully
2024-10-18T19:33:11.087Z [Hotel Management System] info: Hotel created successfully: ${newHotel.id}
2024-10-18T19:34:41.098Z [Hotel Management System] info: Hotel created successfully: ${newHotel.id}
2024-10-18T19:36:41.759Z [Hotel Management System] info: Hotel created successfully: ${newHotel.id}
2024-10-18T19:38:18.125Z [Hotel Management System] info: Hotel created successfully: ${newHotel.id}
2024-10-18T19:46:23.043Z [Hotel Management System] info: Hotels retrieved successfully
2024-10-19T03:15:21.405Z [Hotel Management System] info: Server is running on port 8000
2024-10-19T03:32:44.796Z [Hotel Management System] info: User created successfully: ${newUser.username} (${newUser.email})
2024-10-19T03:39:01.797Z [Hotel Management System] info: User logged in successfully: ${user.username} (${user.email})
2024-10-19T03:44:22.303Z [Hotel Management System] info: Hotels retrieved successfully
2024-10-19T03:44:22.310Z [Hotel Management System] info: Hotels retrieved successfully
2024-10-19T03:45:10.866Z [Hotel Management System] info: Hotels retrieved successfully
2024-10-19T03:45:10.874Z [Hotel Management System] info: Hotels retrieved successfully
2024-10-19T03:45:16.666Z [Hotel Management System] info: Hotels retrieved successfully
2024-10-19T03:45:16.676Z [Hotel Management System] info: Hotels retrieved successfully
2024-10-19T03:53:55.081Z [Hotel Management System] info: Users fetched successfully
2024-10-19T03:54:01.836Z [Hotel Management System] info: User fetched successfully: ${user.username} (${user.email})
2024-10-19T03:54:13.313Z [Hotel Management System] info: User updated successfully: ${user.username} (${user.email})
2024-10-19T03:54:24.268Z [Hotel Management System] info: User deleted successfully: ${user.username} (${user.email})
2024-10-19T03:55:48.170Z [Hotel Management System] info: Hotel created successfully: ${newHotel.id}
2024-10-19T03:56:15.662Z [Hotel Management System] info: Hotel updated successfully: ${hotel.id}
2024-10-19T03:56:26.009Z [Hotel Management System] info: Hotel deleted successfully: ${hotel.id}
2024-10-19T03:56:31.194Z [Hotel Management System] info: Hotel retrieved successfully: ${hotel.id}
2024-10-19T03:56:37.659Z [Hotel Management System] info: Hotels retrieved successfully
2024-10-19T03:57:27.503Z [Hotel Management System] error: Validation errors creating flight
2024-10-19T03:57:45.207Z [Hotel Management System] info: Flight created successfully: ${newFlight.id}
2024-10-19T03:58:01.383Z [Hotel Management System] info: Flight updated successfully: ${flight.id}
2024-10-19T06:01:15.671Z [Hotel Management System] info: Server is running on port 8000
2024-10-19T06:01:31.668Z [Hotel Management System] info: Hotels retrieved successfully
2024-10-19T06:01:31.690Z [Hotel Management System] info: Hotels retrieved successfully
2024-10-19T06:03:49.244Z [Hotel Management System] info: Server is running on port 8000
2024-10-19T06:03:50.020Z [Hotel Management System] info: User created successfully: ${newUser.username} (${newUser.email})
2024-10-19T06:04:37.665Z [Hotel Management System] info: User created successfully: ${newUser.username} (${newUser.email})
2024-10-19T06:05:11.912Z [Hotel Management System] info: Hotels retrieved successfully
2024-10-19T06:05:11.921Z [Hotel Management System] info: Hotels retrieved successfully
2024-10-19T06:06:10.302Z [Hotel Management System] info: User logged in successfully: ${user.username} (${user.email})
2024-10-19T06:11:30.432Z [Hotel Management System] info: User logged in successfully: ${user.username} (${user.email})
2024-10-19T06:11:37.458Z [Hotel Management System] info: Users fetched successfully
2024-10-20T05:12:31.846Z [Hotel Management System] info: Hotels retrieved successfully
2024-10-20T05:12:31.852Z [Hotel Management System] info: Hotels retrieved successfully
2024-10-20T05:14:19.819Z [Hotel Management System] info: Server is running on port 8000
2024-10-20T05:14:35.948Z [Hotel Management System] info: Hotels retrieved successfully
2024-10-20T05:14:35.962Z [Hotel Management System] info: Hotels retrieved successfully
2024-10-20T05:15:09.239Z [Hotel Management System] info: User logged in successfully: ${user.username} (${user.email})
2024-10-20T05:15:09.299Z [Hotel Management System] info: Hotels retrieved successfully
2024-10-20T05:15:09.311Z [Hotel Management System] info: Hotels retrieved successfully
